<?xml version="1.0" encoding="UTF-8"?>
<!-- Generated by org.testng.reporters.JUnitReportReporter -->
<testsuite hostname="DESKTOP-1VOQRHM" failures="0" tests="1" name="AppiumDemo.App.AppiumTesta" time="7.932" errors="0" timestamp="2025-05-10T16:07:04 IST" skipped="0">
  <testcase classname="AppiumDemo.App.AppiumTesta" name="WifiSettingName" time="7.932"/>
</testsuite> <!-- AppiumDemo.App.AppiumTesta -->
