<?xml version="1.0" encoding="UTF-8"?>
<!-- Generated by org.testng.reporters.JUnitReportReporter -->
<testsuite hostname="DESKTOP-1VOQRHM" failures="0" tests="1" name="AppiumDemo.App.AppiumBasics" time="7.479" errors="0" timestamp="2025-05-10T15:22:03 IST" skipped="0">
  <testcase classname="AppiumDemo.App.AppiumBasics" name="AppiumTest" time="7.479"/>
</testsuite> <!-- AppiumDemo.App.AppiumBasics -->
