<?xml version="1.0" encoding="UTF-8"?>
<!-- Generated by org.testng.reporters.JUnitReportReporter -->
<testsuite hostname="DESKTOP-1VOQRHM" failures="0" tests="1" name="AppiumDemo.App.LongPress" time="9.142" errors="0" timestamp="2025-05-11T12:13:50 IST" skipped="0">
  <testcase classname="AppiumDemo.App.LongPress" name="LongPressGesture" time="9.142"/>
</testsuite> <!-- AppiumDemo.App.LongPress -->
